<?xml version="1.0" encoding="UTF-8"?>
<!-- Generated by org.testng.reporters.JUnitXMLReporter -->
<testsuite hostname="LAPTOP-42KERIGD" ignored="0" name="&#039;multiple Classes" tests="6" failures="0" timestamp="2021-07-20T14:03:38 ART" time="29.785" errors="0">
  <testcase name="launchBrowser" time="8.188" classname="prueba.LogTest"/>
  <testcase name="BMICalculators" time="0.532" classname="prueba.LogTest"/>
  <testcase name="testDown" time="0.889" classname="prueba.LogTest"/>
  <testcase name="RobotApiTest" time="12.71" classname="prueba.RobotApi"/>
  <testcase name="openLogin" time="0.116" classname="tests.login"/>
  <testcase name="login" time="0.291" classname="tests.login"/>
</testsuite> <!-- 'multiple Classes -->
