<?xml version="1.0" encoding="UTF-8"?>
<testsuite xmlns:xsi="http://www.w3.org/2001/XMLSchema-instance" xsi:noNamespaceSchemaLocation="https://maven.apache.org/surefire/maven-surefire-plugin/xsd/surefire-test-report.xsd" name="TestSuite" time="30.239" tests="6" errors="0" skipped="0" failures="0">
  <properties>
[...]
</properties>
  <testcase name="launchBrowser" classname="prueba.LogTest" time="8.189"/>
  <testcase name="BMICalculators" classname="prueba.LogTest" time="0.531"/>
  <testcase name="testDown" classname="prueba.LogTest" time="0.89"/>
  <testcase name="RobotApiTest" classname="prueba.RobotApi" time="12.709"/>
  <testcase name="openLogin" classname="tests.login" time="0.116"/>
  <testcase name="login" classname="tests.login" time="0.291"/>
</testsuite>