<?xml version="1.0" encoding="UTF-8"?>
<testng-results ignored="0" total="2" passed="2" failed="0" skipped="0">
  <reporter-output>
  </reporter-output>
  <suite started-at="2021-09-08T15:05:09 ART" name="Default suite" finished-at="2021-09-08T15:05:19 ART" duration-ms="10147">
    <groups>
    </groups>
    <test started-at="2021-09-08T15:05:09 ART" name="Default test" finished-at="2021-09-08T15:05:19 ART" duration-ms="10147">
      <class name="tests.EditProject">
        <test-method is-config="true" signature="setUp()[pri:0, instance:tests.EditProject@6283d8b8]" started-at="2021-09-08T15:05:09 ART" name="setUp" finished-at="2021-09-08T15:05:12 ART" duration-ms="3084" status="PASS">
          <reporter-output>
          </reporter-output>
        </test-method> <!-- setUp -->
        <test-method signature="login()[pri:1, instance:tests.EditProject@6283d8b8]" started-at="2021-09-08T15:05:12 ART" name="login" finished-at="2021-09-08T15:05:12 ART" duration-ms="414" status="PASS">
          <reporter-output>
          </reporter-output>
        </test-method> <!-- login -->
        <test-method signature="EditProjects()[pri:2, instance:tests.EditProject@6283d8b8]" started-at="2021-09-08T15:05:13 ART" name="EditProjects" finished-at="2021-09-08T15:05:18 ART" duration-ms="5148" status="PASS">
          <reporter-output>
          </reporter-output>
        </test-method> <!-- EditProjects -->
        <test-method is-config="true" signature="testDown()[pri:0, instance:tests.EditProject@6283d8b8]" started-at="2021-09-08T15:05:18 ART" name="testDown" finished-at="2021-09-08T15:05:19 ART" duration-ms="1365" status="PASS">
          <reporter-output>
          </reporter-output>
        </test-method> <!-- testDown -->
      </class> <!-- tests.EditProject -->
    </test> <!-- Default test -->
  </suite> <!-- Default suite -->
</testng-results>
